SF:lib/src/async/debouncer_helper.dart
DA:7,1
DA:9,1
DA:10,2
DA:11,2
DA:14,3
LF:5
LH:5
end_of_record
SF:lib/src/collection/iterable_extension.dart
DA:7,1
DA:8,2
DA:10,1
DA:14,3
DA:15,1
DA:16,2
LF:6
LH:6
end_of_record
SF:lib/src/string/string_helper.dart
DA:5,1
DA:6,1
DA:7,2
DA:8,2
DA:9,2
DA:10,2
DA:11,2
DA:17,7
DA:23,1
DA:24,7
DA:29,1
DA:30,7
DA:35,5
LF:13
LH:13
end_of_record
SF:lib/src/number/number_helper.dart
DA:4,1
DA:5,6
DA:7,3
DA:9,5
DA:11,1
DA:13,2
DA:14,2
DA:16,3
DA:17,2
DA:18,1
DA:20,3
DA:21,2
DA:24,1
DA:25,1
DA:26,2
LF:15
LH:15
end_of_record
SF:lib/src/number/number_format.dart
DA:4,2
DA:9,2
DA:11,2
DA:16,1
DA:18,4
LF:5
LH:5
end_of_record
SF:lib/src/number/number_currency.dart
DA:8,1
DA:11,1
DA:12,2
DA:14,1
DA:15,2
DA:17,1
DA:18,2
DA:21,1
DA:25,1
DA:26,3
DA:29,1
LF:11
LH:11
end_of_record
